[0m17:09:53.645865 [debug] [MainThread]: Sending event: {'category': 'dbt', 'action': 'invocation', 'label': 'start', 'context': [<snowplow_tracker.self_describing_json.SelfDescribingJson object at 0x0000010E0EEB5A90>, <snowplow_tracker.self_describing_json.SelfDescribingJson object at 0x0000010E111D7ED0>, <snowplow_tracker.self_describing_json.SelfDescribingJson object at 0x0000010E111D79D0>]}


============================== 17:09:53.667194 | e2d9ced9-6bc5-4262-a41f-f43b5e03610c ==============================
[0m17:09:53.667194 [info ] [MainThread]: Running with dbt=1.11.7
[0m17:09:53.667970 [debug] [MainThread]: running dbt with arguments {'version_check': 'True', 'no_print': 'None', 'static_parser': 'True', 'warn_error_options': 'WarnErrorOptionsV2(error=[], warn=[], silence=[])', 'target_path': 'None', 'printer_width': '80', 'write_json': 'True', 'introspect': 'True', 'log_cache_events': 'False', 'empty': 'None', 'cache_selected_only': 'False', 'fail_fast': 'False', 'debug': 'False', 'log_format': 'default', 'partial_parse': 'True', 'send_anonymous_usage_stats': 'True', 'quiet': 'False', 'warn_error': 'None', 'profiles_dir': 'C:\\Users\\priyanka.yadav_engin\\.dbt', 'use_colors': 'True', 'indirect_selection': 'eager', 'invocation_command': 'dbt init', 'use_experimental_parser': 'False', 'log_path': 'logs'}
[0m17:10:10.025097 [debug] [MainThread]: Starter project path: D:\ETL_GCP_Postgresql\dbt_stable_env\Lib\site-packages\dbt\include\starter_project
[0m17:10:10.040644 [info ] [MainThread]: 
Your new dbt project "ETL_GCP_SQL" was created!

For more information on how to configure the profiles.yml file,
please consult the dbt documentation here:

  https://docs.getdbt.com/docs/configure-your-profile

One more thing:

Need help? Don't hesitate to reach out to us via GitHub issues or on Slack:

  https://community.getdbt.com/

Happy modeling!

[0m17:10:10.041346 [info ] [MainThread]: Setting up your profile.
[0m17:11:39.354673 [info ] [MainThread]: Profile ETL_GCP_SQL written to C:\Users\priyanka.yadav_engin\.dbt\profiles.yml using target's profile_template.yml and your supplied values. Run 'dbt debug' to validate the connection.
[0m17:11:39.356657 [debug] [MainThread]: Command `dbt init` succeeded at 17:11:39.356392 after 105.85 seconds
[0m17:11:39.357440 [debug] [MainThread]: Sending event: {'category': 'dbt', 'action': 'invocation', 'label': 'end', 'context': [<snowplow_tracker.self_describing_json.SelfDescribingJson object at 0x0000010E114096E0>, <snowplow_tracker.self_describing_json.SelfDescribingJson object at 0x0000010E1136A9F0>, <snowplow_tracker.self_describing_json.SelfDescribingJson object at 0x0000010E113739B0>]}
[0m17:11:39.358259 [debug] [MainThread]: Flushing usage events
[0m17:11:41.240031 [debug] [MainThread]: An error was encountered while trying to flush usage events
[0m17:11:52.612076 [debug] [MainThread]: Sending event: {'category': 'dbt', 'action': 'invocation', 'label': 'start', 'context': [<snowplow_tracker.self_describing_json.SelfDescribingJson object at 0x0000021C11795160>, <snowplow_tracker.self_describing_json.SelfDescribingJson object at 0x0000021C13AB3ED0>, <snowplow_tracker.self_describing_json.SelfDescribingJson object at 0x0000021C13AB3B10>]}


============================== 17:11:52.616313 | 49227b1b-3a9e-490a-a451-69251d82c9e5 ==============================
[0m17:11:52.616313 [info ] [MainThread]: Running with dbt=1.11.7
[0m17:11:52.616982 [debug] [MainThread]: running dbt with arguments {'version_check': 'True', 'no_print': 'None', 'static_parser': 'True', 'warn_error_options': 'WarnErrorOptionsV2(error=[], warn=[], silence=[])', 'target_path': 'None', 'printer_width': '80', 'write_json': 'True', 'empty': 'None', 'log_cache_events': 'False', 'introspect': 'True', 'cache_selected_only': 'False', 'log_format': 'default', 'debug': 'False', 'fail_fast': 'False', 'partial_parse': 'True', 'send_anonymous_usage_stats': 'True', 'quiet': 'False', 'warn_error': 'None', 'profiles_dir': 'C:\\Users\\priyanka.yadav_engin\\.dbt', 'invocation_command': 'dbt debug', 'use_colors': 'True', 'indirect_selection': 'eager', 'use_experimental_parser': 'False', 'log_path': 'logs'}
[0m17:11:52.636348 [info ] [MainThread]: dbt version: 1.11.7
[0m17:11:52.636887 [info ] [MainThread]: python version: 3.13.12
[0m17:11:52.637271 [info ] [MainThread]: python path: D:\ETL_GCP_Postgresql\dbt_stable_env\Scripts\python.exe
[0m17:11:52.637685 [info ] [MainThread]: os info: Windows-11-10.0.26200-SP0
[0m17:11:52.696113 [info ] [MainThread]: Error importing adapter: No module named 'dbt.adapters.databricks'
[0m17:11:52.696953 [info ] [MainThread]: Using profiles dir at C:\Users\priyanka.yadav_engin\.dbt
[0m17:11:52.697622 [info ] [MainThread]: Using profiles.yml file at C:\Users\priyanka.yadav_engin\.dbt\profiles.yml
[0m17:11:52.698132 [info ] [MainThread]: Using dbt_project.yml file at D:\ETL_GCP_Postgresql\dbt_project.yml
[0m17:11:52.698707 [info ] [MainThread]: Configuration:
[0m17:11:52.699226 [info ] [MainThread]:   profiles.yml file [[31mERROR invalid[0m]
[0m17:11:52.699691 [info ] [MainThread]:   dbt_project.yml file [[31mERROR not found[0m]
[0m17:11:52.700144 [info ] [MainThread]: Required dependencies:
[0m17:11:52.700648 [debug] [MainThread]: Executing "git --help"
[0m17:11:52.751515 [debug] [MainThread]: STDOUT: "b"usage: git [-v | --version] [-h | --help] [-C <path>] [-c <name>=<value>]\n           [--exec-path[=<path>]] [--html-path] [--man-path] [--info-path]\n           [-p | --paginate | -P | --no-pager] [--no-replace-objects] [--bare]\n           [--git-dir=<path>] [--work-tree=<path>] [--namespace=<name>]\n           [--config-env=<name>=<envvar>] <command> [<args>]\n\nThese are common Git commands used in various situations:\n\nstart a working area (see also: git help tutorial)\n   clone     Clone a repository into a new directory\n   init      Create an empty Git repository or reinitialize an existing one\n\nwork on the current change (see also: git help everyday)\n   add       Add file contents to the index\n   mv        Move or rename a file, a directory, or a symlink\n   restore   Restore working tree files\n   rm        Remove files from the working tree and from the index\n\nexamine the history and state (see also: git help revisions)\n   bisect    Use binary search to find the commit that introduced a bug\n   diff      Show changes between commits, commit and working tree, etc\n   grep      Print lines matching a pattern\n   log       Show commit logs\n   show      Show various types of objects\n   status    Show the working tree status\n\ngrow, mark and tweak your common history\n   branch    List, create, or delete branches\n   commit    Record changes to the repository\n   merge     Join two or more development histories together\n   rebase    Reapply commits on top of another base tip\n   reset     Reset current HEAD to the specified state\n   switch    Switch branches\n   tag       Create, list, delete or verify a tag object signed with GPG\n\ncollaborate (see also: git help workflows)\n   fetch     Download objects and refs from another repository\n   pull      Fetch from and integrate with another repository or a local branch\n   push      Update remote refs along with associated objects\n\n'git help -a' and 'git help -g' list available subcommands and some\nconcept guides. See 'git help <command>' or 'git help <concept>'\nto read about a specific subcommand or concept.\nSee 'git help git' for an overview of the system.\n""
[0m17:11:52.751970 [debug] [MainThread]: STDERR: "b''"
[0m17:11:52.752379 [info ] [MainThread]:  - git [[32mOK found[0m]

[0m17:11:52.752911 [info ] [MainThread]: Connection test skipped since no profile was found
[0m17:11:52.753484 [info ] [MainThread]: [31m2 checks failed:[0m
[0m17:11:52.753927 [info ] [MainThread]: Could not load dbt_project.yml
Profile loading failed for the following reason:
Runtime Error
  Credentials in profile "dbt_project", target "dev" invalid: Runtime Error
    Could not find adapter type databricks!


[0m17:11:52.754411 [info ] [MainThread]: Project loading failed for the following reason:
 project path <D:\ETL_GCP_Postgresql\dbt_project.yml> not found

[0m17:11:52.755303 [debug] [MainThread]: Command `dbt debug` failed at 17:11:52.755185 after 0.36 seconds
[0m17:11:52.755674 [debug] [MainThread]: Sending event: {'category': 'dbt', 'action': 'invocation', 'label': 'end', 'context': [<snowplow_tracker.self_describing_json.SelfDescribingJson object at 0x0000021C13CADA70>, <snowplow_tracker.self_describing_json.SelfDescribingJson object at 0x0000021C13D32D50>, <snowplow_tracker.self_describing_json.SelfDescribingJson object at 0x0000021C13D5C380>]}
[0m17:11:52.756055 [debug] [MainThread]: Flushing usage events
[0m17:11:54.243777 [debug] [MainThread]: An error was encountered while trying to flush usage events
